<?xml version="1.0" encoding="UTF-8"?>
<testng-results skipped="0" failed="0" ignored="0" total="2" passed="2">
  <reporter-output>
  </reporter-output>
  <suite name="Surefire suite" duration-ms="39" started-at="2019-03-27T11:28:56Z" finished-at="2019-03-27T11:28:56Z">
    <groups>
    </groups>
    <test name="Surefire test" duration-ms="39" started-at="2019-03-27T11:28:56Z" finished-at="2019-03-27T11:28:56Z">
      <class name="TestCases.SeleniumTest">
        <test-method status="PASS" signature="demoTest1()[pri:0, instance:TestCases.SeleniumTest@26ba2a48]" name="demoTest1" duration-ms="10" started-at="2019-03-27T11:28:56Z" finished-at="2019-03-27T11:28:56Z">
          <reporter-output>
          </reporter-output>
        </test-method> <!-- demoTest1 -->
        <test-method status="PASS" signature="demoTest2()[pri:0, instance:TestCases.SeleniumTest@26ba2a48]" name="demoTest2" duration-ms="0" started-at="2019-03-27T11:28:56Z" finished-at="2019-03-27T11:28:56Z">
          <reporter-output>
          </reporter-output>
        </test-method> <!-- demoTest2 -->
      </class> <!-- TestCases.SeleniumTest -->
    </test> <!-- Surefire test -->
  </suite> <!-- Surefire suite -->
</testng-results>
